<?xml version="1.0" encoding="UTF-8"?>
<!-- Generated by org.testng.reporters.JUnitXMLReporter -->
<testsuite ignored="0" hostname="DESKTOP-353CMR5" failures="1" tests="1" name="Test" time="2.432" errors="0" timestamp="2025-10-30T18:48:38 MYT">
  <testcase classname="apiTest.TC0001" name="testGetUserById" time="2.39">
    <failure type="java.lang.AssertionError" message="expected [200] but found [200]">
      <![CDATA[java.lang.AssertionError: expected [200] but found [200]
at apiTest.TC0001.testGetUserById(TC0001.java:22)
at java.base/java.util.ArrayList.forEach(ArrayList.java:1596)
... Removed 30 stack frames]]>
    </failure>
  </testcase> <!-- testGetUserById -->
</testsuite> <!-- Test -->
