<?xml version="1.0" encoding="UTF-8"?>
<testng-results ignored="0" total="1" passed="1" failed="0" skipped="0">
  <reporter-output>
  </reporter-output>
  <suite started-at="2025-10-30T23:40:06 MYT" name="Default suite" finished-at="2025-10-30T23:40:08 MYT" duration-ms="1718">
    <groups>
    </groups>
    <test started-at="2025-10-30T23:40:06 MYT" name="Default test" finished-at="2025-10-30T23:40:08 MYT" duration-ms="1718">
      <class name="apiTest.TC0002">
        <test-method signature="testGetCategoryById()[pri:0, instance:apiTest.TC0002@3eb25e1a]" started-at="2025-10-30T23:40:06 MYT" name="testGetCategoryById" finished-at="2025-10-30T23:40:08 MYT" duration-ms="1676" status="PASS">
          <reporter-output>
          </reporter-output>
        </test-method> <!-- testGetCategoryById -->
      </class> <!-- apiTest.TC0002 -->
    </test> <!-- Default test -->
  </suite> <!-- Default suite -->
</testng-results>
