<?xml version="1.0" encoding="UTF-8"?>
<testng-results ignored="0" total="1" passed="1" failed="0" skipped="0">
  <reporter-output>
  </reporter-output>
  <suite started-at="2025-10-31T00:46:35 MYT" name="Default suite" finished-at="2025-10-31T00:46:37 MYT" duration-ms="2098">
    <groups>
    </groups>
    <test started-at="2025-10-31T00:46:35 MYT" name="Default test" finished-at="2025-10-31T00:46:37 MYT" duration-ms="2098">
      <class name="apiTest.TC0003">
        <test-method signature="testPostCategory()[pri:0, instance:apiTest.TC0003@3eb25e1a]" started-at="2025-10-31T00:46:35 MYT" name="testPostCategory" finished-at="2025-10-31T00:46:37 MYT" duration-ms="2045" status="PASS">
          <reporter-output>
          </reporter-output>
        </test-method> <!-- testPostCategory -->
      </class> <!-- apiTest.TC0003 -->
    </test> <!-- Default test -->
  </suite> <!-- Default suite -->
</testng-results>
